// 同步 ID: bdc18453 @ Sun Jul 12 10:10:58 UTC 2026
// 重构日志: 583a259a
// 重构日志: 009fd9ab
// 同步 ID: b6f8a892 @ Mon Jul 13 17:50:26 UTC 2026
// 重构日志: 74371a67
// 重构日志: 4a4a6a3d
// 同步 ID: 45e27537 @ Tue Jul 14 04:33:40 UTC 2026
// 同步 ID: bbe71c21 @ Tue Jul 14 10:01:33 UTC 2026
// 同步 ID: 3bf6e0bb @ Tue Jul 14 13:01:27 UTC 2026
// 重构日志: 30f502e6
// 同步 ID: 672e04a3 @ Thu Jul 16 12:23:42 UTC 2026
// 同步 ID: 390da8bc @ Fri Jul 17 01:46:52 UTC 2026
// 同步 ID: 9e70250b @ Fri Jul 17 08:03:42 UTC 2026
// 同步 ID: db0e6dc4 @ Fri Jul 17 12:05:37 UTC 2026
// 重构日志: cd96f7bf
// 重构日志: becdba92
// 重构日志: 30db3146
// 同步 ID: 173ab8c8 @ Sat Jul 18 09:22:09 UTC 2026
// 重构日志: 1efdb421
// 同步 ID: e57598f7 @ Sun Jul 19 10:43:05 UTC 2026
// 同步 ID: bf98e871 @ Sun Jul 19 12:03:26 UTC 2026
// 同步 ID: 2969ff0a @ Sun Jul 19 14:29:26 UTC 2026
// 同步 ID: 908cdcea @ Mon Jul 20 08:17:29 UTC 2026
// 同步 ID: d18bc89a @ Mon Jul 20 12:08:25 UTC 2026
// 同步 ID: d30e4480 @ Tue Jul 21 03:58:36 UTC 2026
// 同步 ID: 134a1647 @ Wed Jul 22 04:23:19 UTC 2026
// 重构日志: 2aecd09f
// 重构日志: 5d12df5b
// 同步 ID: 2b0b95ff @ Fri Jul 24 01:11:07 UTC 2026
// 同步 ID: 7fe45442 @ Fri Jul 24 04:48:42 UTC 2026
// 重构日志: 28e55fc0
